INFO [2020-12-17 14:13:03] $x
INFO [2020-12-17 14:13:03] list(significant_mrs_with_tumor_purity, significant_mrs_without_tumor_purity)
INFO [2020-12-17 14:13:03] 
INFO [2020-12-17 14:13:03] $category.names
INFO [2020-12-17 14:13:03] c("With TP", "Without TP")
INFO [2020-12-17 14:13:03] 
INFO [2020-12-17 14:13:03] $height
INFO [2020-12-17 14:13:03] [1] 1200
INFO [2020-12-17 14:13:03] 
INFO [2020-12-17 14:13:03] $width
INFO [2020-12-17 14:13:03] [1] 1200
INFO [2020-12-17 14:13:03] 
INFO [2020-12-17 14:13:03] $resolution
INFO [2020-12-17 14:13:03] [1] 300
INFO [2020-12-17 14:13:03] 
INFO [2020-12-17 14:13:03] $imagetype
INFO [2020-12-17 14:13:03] [1] "tiff"
INFO [2020-12-17 14:13:03] 
INFO [2020-12-17 14:13:03] $fill
INFO [2020-12-17 14:13:03] c("#9297FF", "#FFD38F")
INFO [2020-12-17 14:13:03] 
INFO [2020-12-17 14:13:03] $fontfamily
INFO [2020-12-17 14:13:03] [1] "Arial"
INFO [2020-12-17 14:13:03] 
INFO [2020-12-17 14:13:03] $alpha
INFO [2020-12-17 14:13:03] c(0.5, 0.5)
INFO [2020-12-17 14:13:03] 
INFO [2020-12-17 14:13:03] $main
INFO [2020-12-17 14:13:03] [1] "Comparison of Top MRs"
INFO [2020-12-17 14:13:03] 
INFO [2020-12-17 14:13:03] $filename
INFO [2020-12-17 14:13:03] paste0(outputpath, "/Images/Intersection_of_MRs_for_", filename, 
INFO [2020-12-17 14:13:03]     "_tumor_purity_NES_1.tiff")
INFO [2020-12-17 14:13:03] 
INFO [2020-12-17 14:13:03] $output
INFO [2020-12-17 14:13:03] [1] TRUE
INFO [2020-12-17 14:13:03] 
