INFO [2020-12-17 13:42:43] $x
INFO [2020-12-17 13:42:43] list(significant_mrs_with_tumor_purity, significant_mrs_without_tumor_purity)
INFO [2020-12-17 13:42:43] 
INFO [2020-12-17 13:42:43] $category.names
INFO [2020-12-17 13:42:43] c("With TP", "Without TP")
INFO [2020-12-17 13:42:43] 
INFO [2020-12-17 13:42:43] $height
INFO [2020-12-17 13:42:43] [1] 1200
INFO [2020-12-17 13:42:43] 
INFO [2020-12-17 13:42:43] $width
INFO [2020-12-17 13:42:43] [1] 1200
INFO [2020-12-17 13:42:43] 
INFO [2020-12-17 13:42:43] $resolution
INFO [2020-12-17 13:42:43] [1] 300
INFO [2020-12-17 13:42:43] 
INFO [2020-12-17 13:42:43] $imagetype
INFO [2020-12-17 13:42:43] [1] "tiff"
INFO [2020-12-17 13:42:43] 
INFO [2020-12-17 13:42:43] $fill
INFO [2020-12-17 13:42:43] c("#9297FF", "#FFD38F")
INFO [2020-12-17 13:42:43] 
INFO [2020-12-17 13:42:43] $fontfamily
INFO [2020-12-17 13:42:43] [1] "Arial"
INFO [2020-12-17 13:42:43] 
INFO [2020-12-17 13:42:43] $alpha
INFO [2020-12-17 13:42:43] c(0.5, 0.5)
INFO [2020-12-17 13:42:43] 
INFO [2020-12-17 13:42:43] $main
INFO [2020-12-17 13:42:43] [1] "Comparison of Top MRs"
INFO [2020-12-17 13:42:43] 
INFO [2020-12-17 13:42:43] $filename
INFO [2020-12-17 13:42:43] paste0(outputpath, "/Images/Intersection_of_MRs_for_", filename, 
INFO [2020-12-17 13:42:43]     "_tumor_purity_NES_1.tiff")
INFO [2020-12-17 13:42:43] 
INFO [2020-12-17 13:42:43] $output
INFO [2020-12-17 13:42:43] [1] TRUE
INFO [2020-12-17 13:42:43] 
