INFO [2020-12-17 13:44:22] $x
INFO [2020-12-17 13:44:22] list(significant_mrs_with_tumor_purity, significant_mrs_without_tumor_purity)
INFO [2020-12-17 13:44:22] 
INFO [2020-12-17 13:44:22] $category.names
INFO [2020-12-17 13:44:22] c("With TP", "Without TP")
INFO [2020-12-17 13:44:22] 
INFO [2020-12-17 13:44:22] $height
INFO [2020-12-17 13:44:22] [1] 1200
INFO [2020-12-17 13:44:22] 
INFO [2020-12-17 13:44:22] $width
INFO [2020-12-17 13:44:22] [1] 1200
INFO [2020-12-17 13:44:22] 
INFO [2020-12-17 13:44:22] $resolution
INFO [2020-12-17 13:44:22] [1] 300
INFO [2020-12-17 13:44:22] 
INFO [2020-12-17 13:44:22] $imagetype
INFO [2020-12-17 13:44:22] [1] "tiff"
INFO [2020-12-17 13:44:22] 
INFO [2020-12-17 13:44:22] $fill
INFO [2020-12-17 13:44:22] c("#9297FF", "#FFD38F")
INFO [2020-12-17 13:44:22] 
INFO [2020-12-17 13:44:22] $fontfamily
INFO [2020-12-17 13:44:22] [1] "Arial"
INFO [2020-12-17 13:44:22] 
INFO [2020-12-17 13:44:22] $alpha
INFO [2020-12-17 13:44:22] c(0.5, 0.5)
INFO [2020-12-17 13:44:22] 
INFO [2020-12-17 13:44:22] $main
INFO [2020-12-17 13:44:22] [1] "Comparison of Top MRs"
INFO [2020-12-17 13:44:22] 
INFO [2020-12-17 13:44:22] $filename
INFO [2020-12-17 13:44:22] paste0(outputpath, "/Images/Intersection_of_MRs_for_", filename, 
INFO [2020-12-17 13:44:22]     "_tumor_purity_NES_1.tiff")
INFO [2020-12-17 13:44:22] 
INFO [2020-12-17 13:44:22] $output
INFO [2020-12-17 13:44:22] [1] TRUE
INFO [2020-12-17 13:44:22] 
