INFO [2020-12-17 13:27:41] $x
INFO [2020-12-17 13:27:41] list(significant_mrs_with_tumor_purity, significant_mrs_without_tumor_purity)
INFO [2020-12-17 13:27:41] 
INFO [2020-12-17 13:27:41] $category.names
INFO [2020-12-17 13:27:41] c("With TP", "Without TP")
INFO [2020-12-17 13:27:41] 
INFO [2020-12-17 13:27:41] $height
INFO [2020-12-17 13:27:41] [1] 1200
INFO [2020-12-17 13:27:41] 
INFO [2020-12-17 13:27:41] $width
INFO [2020-12-17 13:27:41] [1] 1200
INFO [2020-12-17 13:27:41] 
INFO [2020-12-17 13:27:41] $resolution
INFO [2020-12-17 13:27:41] [1] 300
INFO [2020-12-17 13:27:41] 
INFO [2020-12-17 13:27:41] $imagetype
INFO [2020-12-17 13:27:41] [1] "tiff"
INFO [2020-12-17 13:27:41] 
INFO [2020-12-17 13:27:41] $fill
INFO [2020-12-17 13:27:41] c("#9297FF", "#FFD38F")
INFO [2020-12-17 13:27:41] 
INFO [2020-12-17 13:27:41] $fontfamily
INFO [2020-12-17 13:27:41] [1] "Arial"
INFO [2020-12-17 13:27:41] 
INFO [2020-12-17 13:27:41] $alpha
INFO [2020-12-17 13:27:41] c(0.5, 0.5)
INFO [2020-12-17 13:27:41] 
INFO [2020-12-17 13:27:41] $main
INFO [2020-12-17 13:27:41] [1] "Comparison of Top MRs"
INFO [2020-12-17 13:27:41] 
INFO [2020-12-17 13:27:41] $filename
INFO [2020-12-17 13:27:41] paste0(outputpath, "/Images/Intersection_of_MRs_for_", filename, 
INFO [2020-12-17 13:27:41]     "_tumor_purity_NES_1.tiff")
INFO [2020-12-17 13:27:41] 
INFO [2020-12-17 13:27:41] $output
INFO [2020-12-17 13:27:41] [1] TRUE
INFO [2020-12-17 13:27:41] 
