INFO [2020-12-17 13:43:34] $x
INFO [2020-12-17 13:43:34] list(significant_mrs_with_tumor_purity, significant_mrs_without_tumor_purity)
INFO [2020-12-17 13:43:34] 
INFO [2020-12-17 13:43:34] $category.names
INFO [2020-12-17 13:43:34] c("With TP", "Without TP")
INFO [2020-12-17 13:43:34] 
INFO [2020-12-17 13:43:34] $height
INFO [2020-12-17 13:43:34] [1] 1200
INFO [2020-12-17 13:43:34] 
INFO [2020-12-17 13:43:34] $width
INFO [2020-12-17 13:43:34] [1] 1200
INFO [2020-12-17 13:43:34] 
INFO [2020-12-17 13:43:34] $resolution
INFO [2020-12-17 13:43:34] [1] 300
INFO [2020-12-17 13:43:34] 
INFO [2020-12-17 13:43:34] $imagetype
INFO [2020-12-17 13:43:34] [1] "tiff"
INFO [2020-12-17 13:43:34] 
INFO [2020-12-17 13:43:34] $fill
INFO [2020-12-17 13:43:34] c("#9297FF", "#FFD38F")
INFO [2020-12-17 13:43:34] 
INFO [2020-12-17 13:43:34] $fontfamily
INFO [2020-12-17 13:43:34] [1] "Arial"
INFO [2020-12-17 13:43:34] 
INFO [2020-12-17 13:43:34] $alpha
INFO [2020-12-17 13:43:34] c(0.5, 0.5)
INFO [2020-12-17 13:43:34] 
INFO [2020-12-17 13:43:34] $main
INFO [2020-12-17 13:43:34] [1] "Comparison of Top MRs"
INFO [2020-12-17 13:43:34] 
INFO [2020-12-17 13:43:34] $filename
INFO [2020-12-17 13:43:34] paste0(outputpath, "/Images/Intersection_of_MRs_for_", filename, 
INFO [2020-12-17 13:43:34]     "_tumor_purity_NES_1.tiff")
INFO [2020-12-17 13:43:34] 
INFO [2020-12-17 13:43:34] $output
INFO [2020-12-17 13:43:34] [1] TRUE
INFO [2020-12-17 13:43:34] 
