INFO [2020-12-17 13:24:01] $x
INFO [2020-12-17 13:24:01] list(significant_mrs_with_tumor_purity, significant_mrs_without_tumor_purity)
INFO [2020-12-17 13:24:01] 
INFO [2020-12-17 13:24:01] $category.names
INFO [2020-12-17 13:24:01] c("With TP", "Without TP")
INFO [2020-12-17 13:24:01] 
INFO [2020-12-17 13:24:01] $height
INFO [2020-12-17 13:24:01] [1] 1200
INFO [2020-12-17 13:24:01] 
INFO [2020-12-17 13:24:01] $width
INFO [2020-12-17 13:24:01] [1] 1200
INFO [2020-12-17 13:24:01] 
INFO [2020-12-17 13:24:01] $resolution
INFO [2020-12-17 13:24:01] [1] 300
INFO [2020-12-17 13:24:01] 
INFO [2020-12-17 13:24:01] $imagetype
INFO [2020-12-17 13:24:01] [1] "tiff"
INFO [2020-12-17 13:24:01] 
INFO [2020-12-17 13:24:01] $fill
INFO [2020-12-17 13:24:01] c("#9297FF", "#FFD38F")
INFO [2020-12-17 13:24:01] 
INFO [2020-12-17 13:24:01] $fontfamily
INFO [2020-12-17 13:24:01] [1] "Arial"
INFO [2020-12-17 13:24:01] 
INFO [2020-12-17 13:24:01] $alpha
INFO [2020-12-17 13:24:01] c(0.5, 0.5)
INFO [2020-12-17 13:24:01] 
INFO [2020-12-17 13:24:01] $main
INFO [2020-12-17 13:24:01] [1] "Comparison of Top MRs"
INFO [2020-12-17 13:24:01] 
INFO [2020-12-17 13:24:01] $filename
INFO [2020-12-17 13:24:01] paste0(outputpath, "/Images/Intersection_of_MRs_for_", filename, 
INFO [2020-12-17 13:24:01]     "_tumor_purity_NES_1.tiff")
INFO [2020-12-17 13:24:01] 
INFO [2020-12-17 13:24:01] $output
INFO [2020-12-17 13:24:01] [1] TRUE
INFO [2020-12-17 13:24:01] 
