INFO [2020-12-17 14:07:33] $x
INFO [2020-12-17 14:07:33] list(significant_mrs_with_tumor_purity, significant_mrs_without_tumor_purity)
INFO [2020-12-17 14:07:33] 
INFO [2020-12-17 14:07:33] $category.names
INFO [2020-12-17 14:07:33] c("With TP", "Without TP")
INFO [2020-12-17 14:07:33] 
INFO [2020-12-17 14:07:33] $height
INFO [2020-12-17 14:07:33] [1] 1200
INFO [2020-12-17 14:07:33] 
INFO [2020-12-17 14:07:33] $width
INFO [2020-12-17 14:07:33] [1] 1200
INFO [2020-12-17 14:07:33] 
INFO [2020-12-17 14:07:33] $resolution
INFO [2020-12-17 14:07:33] [1] 300
INFO [2020-12-17 14:07:33] 
INFO [2020-12-17 14:07:33] $imagetype
INFO [2020-12-17 14:07:33] [1] "tiff"
INFO [2020-12-17 14:07:33] 
INFO [2020-12-17 14:07:33] $fill
INFO [2020-12-17 14:07:33] c("#9297FF", "#FFD38F")
INFO [2020-12-17 14:07:33] 
INFO [2020-12-17 14:07:33] $fontfamily
INFO [2020-12-17 14:07:33] [1] "Arial"
INFO [2020-12-17 14:07:33] 
INFO [2020-12-17 14:07:33] $alpha
INFO [2020-12-17 14:07:33] c(0.5, 0.5)
INFO [2020-12-17 14:07:33] 
INFO [2020-12-17 14:07:33] $main
INFO [2020-12-17 14:07:33] [1] "Comparison of Top MRs"
INFO [2020-12-17 14:07:33] 
INFO [2020-12-17 14:07:33] $filename
INFO [2020-12-17 14:07:33] paste0(outputpath, "/Images/Intersection_of_MRs_for_", filename, 
INFO [2020-12-17 14:07:33]     "_tumor_purity_NES_1.tiff")
INFO [2020-12-17 14:07:33] 
INFO [2020-12-17 14:07:33] $output
INFO [2020-12-17 14:07:33] [1] TRUE
INFO [2020-12-17 14:07:33] 
